<?xml version="1.0" encoding="UTF-8" ?>
<testsuite tests="7" failures="0" name="Dao.PersonDaoImplTest" time="3.294" errors="0" skipped="0">
  <properties>
[...]
</properties>
  <testcase classname="Dao.PersonDaoImplTest" name="create" time="3.206"/>
  <testcase classname="Dao.PersonDaoImplTest" name="delete" time="0.026"/>
  <testcase classname="Dao.PersonDaoImplTest" name="update" time="0.019"/>
  <testcase classname="Dao.PersonDaoImplTest" name="loadByIdThrowException" time="0.011"/>
  <testcase classname="Dao.PersonDaoImplTest" name="getById" time="0.005"/>
  <testcase classname="Dao.PersonDaoImplTest" name="readAll" time="0.022"/>
  <testcase classname="Dao.PersonDaoImplTest" name="loadById" time="0.005"/>
</testsuite>